# JRE version: OpenJDK Runtime Environment Temurin-21.0.6+7 (21.0.6+7) (build 21.0.6+7-LTS)
# Java VM: OpenJDK 64-Bit Server VM Temurin-21.0.6+7 (21.0.6+7-LTS, mixed mode, sharing, tiered, compressed oops, compressed class ptrs, g1 gc, windows-amd64)
GC Precious Log:
 CardTable entry size: 512
 Card Set container configuration: InlinePtr #cards 5 size 8 Array Of Cards #cards 12 size 40 Howl #buckets 4 coarsen threshold 1843 Howl Bitmap #cards 512 size 80 coarsen threshold 460 Card regions per heap region 1 cards per card region 2048
 CPUs: 12 total, 12 available
 Memory: 5989M
 Large Page Support: Disabled
 NUMA Support: Disabled
 Compressed Oops: Enabled (32-bit)
 Heap Region Size: 1M
 Heap Min Capacity: 8M
 Heap Initial Capacity: 94M
 Heap Max Capacity: 1498M
 Pre-touch: Disabled
 Parallel Workers: 10
 Concurrent Workers: 3
 Concurrent Refinement Workers: 10
 Periodic GC: Disabled
Heap:
 garbage-first heap   total 83968K, used 60407K [0x00000000a2600000, 0x0000000100000000)
  region size 1024K, 1 young (1024K), 1 survivors (1024K)
 Metaspace       used 63496K, committed 64192K, reserved 1114112K
  class space    used 8313K, committed 8640K, reserved 1048576K
GC Heap History (20 events):
Event: 11.071 GC heap after
{Heap after GC invocations=10 (full 0):
 garbage-first heap   total 58368K, used 25214K [0x00000000a2600000, 0x0000000100000000)
  region size 1024K, 4 young (4096K), 4 survivors (4096K)
 Metaspace       used 48302K, committed 48832K, reserved 1114112K
  class space    used 6299K, committed 6528K, reserved 1048576K
}
Event: 11.772 GC heap before
{Heap before GC invocations=10 (full 0):
 garbage-first heap   total 58368K, used 47742K [0x00000000a2600000, 0x0000000100000000)
  region size 1024K, 27 young (27648K), 4 survivors (4096K)
 Metaspace       used 55439K, committed 56064K, reserved 1114112K
  class space    used 7496K, committed 7744K, reserved 1048576K
}
Event: 11.775 GC heap after
{Heap after GC invocations=11 (full 0):
 garbage-first heap   total 58368K, used 26472K [0x00000000a2600000, 0x0000000100000000)
  region size 1024K, 3 young (3072K), 3 survivors (3072K)
 Metaspace       used 55439K, committed 56064K, reserved 1114112K
  class space    used 7496K, committed 7744K, reserved 1048576K
}
Event: 12.564 GC heap before
{Heap before GC invocations=11 (full 0):
 garbage-first heap   total 58368K, used 45928K [0x00000000a2600000, 0x0000000100000000)
  region size 1024K, 23 young (23552K), 3 survivors (3072K)
 Metaspace       used 59544K, committed 60160K, reserved 1114112K
  class space    used 7979K, committed 8256K, reserved 1048576K
}
Event: 12.569 GC heap after
{Heap after GC invocations=12 (full 0):
 garbage-first heap   total 58368K, used 28388K [0x00000000a2600000, 0x0000000100000000)
  region size 1024K, 3 young (3072K), 3 survivors (3072K)
 Metaspace       used 59544K, committed 60160K, reserved 1114112K
  class space    used 7979K, committed 8256K, reserved 1048576K
}
Event: 13.103 GC heap before
{Heap before GC invocations=13 (full 0):
 garbage-first heap   total 58368K, used 50916K [0x00000000a2600000, 0x0000000100000000)
  region size 1024K, 25 young (25600K), 3 survivors (3072K)
 Metaspace       used 63387K, committed 64064K, reserved 1114112K
  class space    used 8298K, committed 8640K, reserved 1048576K
}
Event: 13.107 GC heap after
{Heap after GC invocations=14 (full 0):
 garbage-first heap   total 58368K, used 31548K [0x00000000a2600000, 0x0000000100000000)
  region size 1024K, 4 young (4096K), 4 survivors (4096K)
 Metaspace       used 63387K, committed 64064K, reserved 1114112K
  class space    used 8298K, committed 8640K, reserved 1048576K
}
Event: 13.220 GC heap before
{Heap before GC invocations=14 (full 0):
 garbage-first heap   total 58368K, used 49980K [0x00000000a2600000, 0x0000000100000000)
  region size 1024K, 22 young (22528K), 4 survivors (4096K)
 Metaspace       used 63397K, committed 64064K, reserved 1114112K
  class space    used 8298K, committed 8640K, reserved 1048576K
}
Event: 13.227 GC heap after
{Heap after GC invocations=15 (full 0):
 garbage-first heap   total 62464K, used 38152K [0x00000000a2600000, 0x0000000100000000)
  region size 1024K, 3 young (3072K), 3 survivors (3072K)
 Metaspace       used 63397K, committed 64064K, reserved 1114112K
  class space    used 8298K, committed 8640K, reserved 1048576K
}
Event: 13.240 GC heap before
{Heap before GC invocations=15 (full 0):
 garbage-first heap   total 62464K, used 41224K [0x00000000a2600000, 0x0000000100000000)
  region size 1024K, 7 young (7168K), 3 survivors (3072K)
 Metaspace       used 63402K, committed 64064K, reserved 1114112K
  class space    used 8298K, committed 8640K, reserved 1048576K
}
Event: 13.244 GC heap after
{Heap after GC invocations=16 (full 0):
 garbage-first heap   total 78848K, used 40127K [0x00000000a2600000, 0x0000000100000000)
  region size 1024K, 2 young (2048K), 2 survivors (2048K)
 Metaspace       used 63402K, committed 64064K, reserved 1114112K
  class space    used 8298K, committed 8640K, reserved 1048576K
}
Event: 13.301 GC heap before
{Heap before GC invocations=16 (full 0):
 garbage-first heap   total 78848K, used 47295K [0x00000000a2600000, 0x0000000100000000)
  region size 1024K, 9 young (9216K), 2 survivors (2048K)
 Metaspace       used 63438K, committed 64064K, reserved 1114112K
  class space    used 8303K, committed 8640K, reserved 1048576K
}
Event: 13.308 GC heap after
{Heap after GC invocations=17 (full 0):
 garbage-first heap   total 78848K, used 47843K [0x00000000a2600000, 0x0000000100000000)
  region size 1024K, 4 young (4096K), 4 survivors (4096K)
 Metaspace       used 63438K, committed 64064K, reserved 1114112K
  class space    used 8303K, committed 8640K, reserved 1048576K
}
Event: 13.797 GC heap before
{Heap before GC invocations=18 (full 0):
 garbage-first heap   total 83968K, used 65251K [0x00000000a2600000, 0x0000000100000000)
  region size 1024K, 19 young (19456K), 4 survivors (4096K)
 Metaspace       used 63496K, committed 64192K, reserved 1114112K
  class space    used 8313K, committed 8640K, reserved 1048576K
}
Event: 14.792 GC heap after
{Heap after GC invocations=19 (full 0):
 garbage-first heap   total 83968K, used 57011K [0x00000000a2600000, 0x0000000100000000)
  region size 1024K, 3 young (3072K), 3 survivors (3072K)
 Metaspace       used 63496K, committed 64192K, reserved 1114112K
  class space    used 8313K, committed 8640K, reserved 1048576K
}
Event: 14.797 GC heap before
{Heap before GC invocations=19 (full 0):
 garbage-first heap   total 83968K, used 58035K [0x00000000a2600000, 0x0000000100000000)
  region size 1024K, 4 young (4096K), 3 survivors (3072K)
 Metaspace       used 63496K, committed 64192K, reserved 1114112K
  class space    used 8313K, committed 8640K, reserved 1048576K
}
Event: 14.800 GC heap after
{Heap after GC invocations=20 (full 0):
 garbage-first heap   total 83968K, used 57458K [0x00000000a2600000, 0x0000000100000000)
  region size 1024K, 1 young (1024K), 1 survivors (1024K)
 Metaspace       used 63496K, committed 64192K, reserved 1114112K
  class space    used 8313K, committed 8640K, reserved 1048576K
}
Event: 14.818 GC heap before
{Heap before GC invocations=20 (full 0):
 garbage-first heap   total 83968K, used 61554K [0x00000000a2600000, 0x0000000100000000)
  region size 1024K, 4 young (4096K), 1 survivors (1024K)
 Metaspace       used 63496K, committed 64192K, reserved 1114112K
  class space    used 8313K, committed 8640K, reserved 1048576K
}
Event: 14.821 GC heap after
{Heap after GC invocations=21 (full 0):
 garbage-first heap   total 83968K, used 59181K [0x00000000a2600000, 0x0000000100000000)
  region size 1024K, 1 young (1024K), 1 survivors (1024K)
 Metaspace       used 63496K, committed 64192K, reserved 1114112K
  class space    used 8313K, committed 8640K, reserved 1048576K
}
Event: 14.832 GC heap before
{Heap before GC invocations=21 (full 0):
 garbage-first heap   total 83968K, used 62253K [0x00000000a2600000, 0x0000000100000000)
  region size 1024K, 4 young (4096K), 1 survivors (1024K)
 Metaspace       used 63496K, committed 64192K, reserved 1114112K
  class space    used 8313K, committed 8640K, reserved 1048576K
}

